
bitinit version Xilinx EDK 10.1.03 Build EDK_K_SP3.6
Copyright (c) Xilinx Inc. 2002.

Parsing MHS File system.mhs...

Overriding IP level properties ...

Performing IP level DRCs on properties...

Running DRC Tcl procedures for OPTION IPLEVEL_DRC_PROC...
Address Map for Processor ppc405_0
  (0b0000010000-0b0000010011) ppc405_0	
  (0b0000100000-0b0000100011) ppc405_0	
  (0x81400000-0x8140ffff) halt	plb0
  (0x81420000-0x8142ffff) LEDs_4Bit	plb0
  (0x81440000-0x8144ffff) backward	plb0
  (0x81460000-0x8146ffff) forward	plb0
  (0x81480000-0x8148ffff) motorseq	plb0
  (0x84000000-0x8400ffff) RS232_Uart_1	plb0
  (0xffffc000-0xffffffff) xps_bram_if_cntlr_1	plb0

Initializing Memory...
Checking ELFs associated with PPC405 instance ppc405_0 for overlap...


Analyzing file gui/executable.elf...
Running Data2Mem with the following command:
data2mem -bm "implementation/system_bd" -bt "implementation/system.bit"  -bd
"gui/executable.elf" tag ppc405_0  -o b implementation/download.bit 
Memory Initialization completed successfully.

