=====================
Opened log file
=====================
Xilinx Platform Studio (XPS)
Xilinx EDK 10.1 Build EDK_K.15

Xilinx EDK 10.1 Build EDK_K.15

Copied C:/Xilinx/10.1/EDK/data/xflow/bitgen.ut to etc directory
Copied file C:/Xilinx/10.1/EDK/data/xflow/fast_runtime.opt to etc directory
No changes to be saved in MSS file
Saved project XMP file
No changes to be saved in MSS file
No changes to be saved in XMP file
Xilinx Platform Studio (XPS)
Xilinx EDK 10.1 Build EDK_K.15

Copyright (c) 1995-2008 Xilinx, Inc.  All rights reserved.

At Local date and time: Tue Sep 04 12:16:59 2012
 xbash -q -c "cd /cygdrive/c/Users/DELL/Desktop/Motor_New/motor_new/uart/uart/; /usr/bin/make -f uart.make libs; exit;" started...

*********************************************
Creating software libraries...

*********************************************
libgen -mhs uart.mhs -p xc2vp30ff896-7  uart.mss

libgen
Xilinx EDK 10.1 Build EDK_K.15
Copyright (c) 1995-2008 Xilinx, Inc.  All rights reserved.

Command Line: libgen -mhs uart.mhs -p xc2vp30ff896-7 uart.mss 


Output Directory (-od)		: C:\Users\DELL\Desktop\Motor_New\motor_new\uart\uart\
Part (-p)			: virtex2p

Software Specification file	: uart.mss


Overriding IP level properties ...


Performing IP level DRCs on properties...

Running DRC Tcl procedures for OPTION IPLEVEL_DRC_PROC...
Address Map for Processor ppc405_0
  (0b0000010000-0b0000010011) ppc405_0	
  (0b0000100000-0b0000100011) ppc405_0	
  (0x84000000-0x8400ffff) RS232_Uart_1	plb0
  (0xffff8000-0xffffffff) xps_bram_if_cntlr_1	plb0

Check platform address map ...
INFO:MDT - IPNAME:ppc405_0 INSTANCE:ppc405 -
   C:\Xilinx\10.1\EDK\hw\XilinxProcessorIPLib\pcores\ppc405_v3_00_a\data\ppc405_
   v2_1_0.mpd line 62 - tool is overriding PARAMETER C_DPLB0_P2P value to 0
INFO:MDT - IPNAME:ppc405_0 INSTANCE:ppc405 -
   C:\Xilinx\10.1\EDK\hw\XilinxProcessorIPLib\pcores\ppc405_v3_00_a\data\ppc405_
   v2_1_0.mpd line 64 - tool is overriding PARAMETER C_IPLB0_P2P value to 0

Computing clock values...

Overriding system level properties ...
INFO:MDT - IPNAME:jtagppc_cntlr_0 INSTANCE:jtagppc_cntlr -
   C:\Xilinx\10.1\EDK\hw\XilinxProcessorIPLib\pcores\jtagppc_cntlr_v2_01_a\data\
   jtagppc_cntlr_v2_1_0.mpd line 36 - tcl is overriding PARAMETER C_NUM_PPC_USED
   value to 1
INFO:MDT - IPNAME:plb0 INSTANCE:plb_v46 -
   C:\Xilinx\10.1\EDK\hw\XilinxProcessorIPLib\pcores\plb_v46_v1_02_a\data\plb_v4
   6_v2_1_0.mpd line 35 - tool is overriding PARAMETER C_PLBV46_NUM_MASTERS
   value to 2
INFO:MDT - IPNAME:plb0 INSTANCE:plb_v46 -
   C:\Xilinx\10.1\EDK\hw\XilinxProcessorIPLib\pcores\plb_v46_v1_02_a\data\plb_v4
   6_v2_1_0.mpd line 36 - tool is overriding PARAMETER C_PLBV46_NUM_SLAVES value
   to 2
INFO:MDT - IPNAME:plb0 INSTANCE:plb_v46 -
   C:\Xilinx\10.1\EDK\hw\XilinxProcessorIPLib\pcores\plb_v46_v1_02_a\data\plb_v4
   6_v2_1_0.mpd line 37 - tool is overriding PARAMETER C_PLBV46_MID_WIDTH value
   to 1
INFO:MDT - IPNAME:xps_bram_if_cntlr_1 INSTANCE:xps_bram_if_cntlr -
   C:\Xilinx\10.1\EDK\hw\XilinxProcessorIPLib\pcores\xps_bram_if_cntlr_v1_00_a\d
   ata\xps_bram_if_cntlr_v2_1_0.mpd line 41 - tool is overriding PARAMETER
   C_SPLB_DWIDTH value to 64
INFO:MDT - IPNAME:xps_bram_if_cntlr_1 INSTANCE:xps_bram_if_cntlr -
   C:\Xilinx\10.1\EDK\hw\XilinxProcessorIPLib\pcores\xps_bram_if_cntlr_v1_00_a\d
   ata\xps_bram_if_cntlr_v2_1_0.mpd line 46 - tool is overriding PARAMETER
   C_SPLB_SMALLEST_MASTER value to 64
INFO:MDT - IPNAME:plb_bram_if_cntlr_1_bram INSTANCE:bram_block -
   C:\Xilinx\10.1\EDK\hw\XilinxProcessorIPLib\pcores\bram_block_v1_00_a\data\bra
   m_block_v2_1_0.mpd line 36 - tool is overriding PARAMETER C_MEMSIZE value to
   0x8000
INFO:MDT - IPNAME:plb_bram_if_cntlr_1_bram INSTANCE:bram_block -
   C:\Xilinx\10.1\EDK\hw\XilinxProcessorIPLib\pcores\bram_block_v1_00_a\data\bra
   m_block_v2_1_0.mpd line 37 - tool is overriding PARAMETER C_PORT_DWIDTH value
   to 64
INFO:MDT - IPNAME:plb_bram_if_cntlr_1_bram INSTANCE:bram_block -
   C:\Xilinx\10.1\EDK\hw\XilinxProcessorIPLib\pcores\bram_block_v1_00_a\data\bra
   m_block_v2_1_0.mpd line 39 - tool is overriding PARAMETER C_NUM_WE value to 8
INFO:MDT - IPNAME:RS232_Uart_1 INSTANCE:xps_uartlite -
   C:\Xilinx\10.1\EDK\hw\XilinxProcessorIPLib\pcores\xps_uartlite_v1_00_a\data\x
   ps_uartlite_v2_1_0.mpd line 42 - tool is overriding PARAMETER C_SPLB_DWIDTH
   value to 64
INFO:MDT - IPNAME:RS232_Uart_1 INSTANCE:xps_uartlite -
   C:\Xilinx\10.1\EDK\hw\XilinxProcessorIPLib\pcores\xps_uartlite_v1_00_a\data\x
   ps_uartlite_v2_1_0.mpd line 45 - tool is overriding PARAMETER
   C_SPLB_NUM_MASTERS value to 2

Running system level Update ...

Running UPDATE Tcl procedures for OPTION SYSLEVEL_UPDATE_PROC...

Performing System level DRCs on properties...

Running DRC Tcl procedures for OPTION SYSLEVEL_DRC_PROC...

Check platform configuration ...
IPNAME:plb_v46 INSTANCE:plb0 -
C:\Users\DELL\Desktop\Motor_New\motor_new\uart\uart\uart.mhs line 51 - 2
master(s) : 2 slave(s)

Check port drivers...
WARNING:MDT - PORT:Peripheral_Reset CONNECTOR:sys_periph_reset -
   C:\Users\DELL\Desktop\Motor_New\motor_new\uart\uart\uart.mhs line 115 -
   floating connection!

Performing Clock DRCs...


INFO:MDT - List of peripherals addressable from processor instance ppc405_0 : 
  - xps_bram_if_cntlr_1
  - RS232_Uart_1

Building Directory Structure for ppc405_0


Generating platform libraries and device drivers ...

Running CopyFiles ...

Copying files for os standalone_v2_00_a from
C:\Xilinx\10.1\EDK\sw\lib\bsp\standalone_v2_00_a\src\ to
C:\Users\DELL\Desktop\Motor_New\motor_new\uart\uart\ppc405_0\libsrc\standalone_v
2_00_a\ ...


Copying files for driver uartlite_v1_12_a from
C:\Xilinx\10.1\EDK\sw\XilinxProcessorIPLib\drivers\uartlite_v1_12_a\src\ to
C:\Users\DELL\Desktop\Motor_New\motor_new\uart\uart\ppc405_0\libsrc\uartlite_v1_
12_a\ ...


Copying files for driver cpu_ppc405_v1_10_a from
C:\Xilinx\10.1\EDK\sw\XilinxProcessorIPLib\drivers\cpu_ppc405_v1_10_a\src\ to
C:\Users\DELL\Desktop\Motor_New\motor_new\uart\uart\ppc405_0\libsrc\cpu_ppc405_v
1_10_a\ ...


Running DRCs for OSes, Drivers and Libraries ... 

Running generate for OS'es, Drivers and Libraries ... 


Running post_generate for OS'es, Drivers and Libraries ... 

Running make for Drivers and Libraries ... 

Configuring make for target include using:

make -s include "COMPILER=powerpc-eabi-gcc" "ARCHIVER=powerpc-eabi-ar"
"COMPILER_FLAGS= -O2 -c" "EXTRA_COMPILER_FLAGS=-g" 


Configuring make for target libs using:

make -s libs "COMPILER=powerpc-eabi-gcc" "ARCHIVER=powerpc-eabi-ar"
"COMPILER_FLAGS= -O2 -c" "EXTRA_COMPILER_FLAGS=-g" 
Compiling common

powerpc-eabi-ar: creating ../../../lib/libxil.a

Compiling bsp

Compiling uartlite

Compiling cpu_ppc405


Libraries generated in
C:\Users\DELL\Desktop\Motor_New\motor_new\uart\uart\ppc405_0\lib\ directory

Running execs_generate for OS'es, Drivers and Libraries ... 

LibGen Done. 



Done!

Instance ppc405_0 bus interface RESETPPC connection ppc_reset_bus only referenced once - select another bus connection or "No Connection"

Instance ppc405_0 bus interface RESETPPC connection ppc_reset_bus only referenced once - select another bus connection or "No Connection"

Instance ppc405_0 bus interface RESETPPC connection ppc_reset_bus only referenced once - select another bus connection or "No Connection"

At Local date and time: Tue Sep 04 12:21:32 2012
 xbash -q -c "cd /cygdrive/c/Users/DELL/Desktop/Motor_New/motor_new/uart/uart/; /usr/bin/make -f uart.make uart_program; exit;" started...

powerpc-eabi-gcc -O2 /cygdrive/c/Users/DELL/Desktop/Motor_New/motor_new/uart/uart/uart.c  -o uart/executable.elf \
      -g    -I./ppc405_0/include/  -Ippc405_0/include/  -L./ppc405_0/lib/  \
  

/cygdrive/c/Users/DELL/Desktop/Motor_New/motor_new/uart/uart/uart.c: In function 'main':
/cygdrive/c/Users/DELL/Desktop/Motor_New/motor_new/uart/uart/uart.c:9: error: 'XPAR_RS232_UART_BASEADDR' undeclared (first use in this function)
/cygdrive/c/Users/DELL/Desktop/Motor_New/motor_new/uart/uart/uart.c:9: error: (Each undeclared identifier is reported only once
/cygdrive/c/Users/DELL/Desktop/Motor_New/motor_new/uart/uart/uart.c:9: error: for each function it appears in.)
/cygdrive/c/Users/DELL/Desktop/Motor_New/motor_new/uart/uart/uart.c:11:2: warning: no newline at end of file
make: *** [uart/executable.elf] Error 1



Done!

Instance ppc405_0 bus interface RESETPPC connection ppc_reset_bus only referenced once - select another bus connection or "No Connection"

Instance ppc405_0 bus interface RESETPPC connection ppc_reset_bus only referenced once - select another bus connection or "No Connection"

Instance ppc405_0 bus interface RESETPPC connection ppc_reset_bus only referenced once - select another bus connection or "No Connection"

At Local date and time: Tue Sep 04 12:22:06 2012
 xbash -q -c "cd /cygdrive/c/Users/DELL/Desktop/Motor_New/motor_new/uart/uart/; /usr/bin/make -f uart.make uart_program; exit;" started...

powerpc-eabi-gcc -O2 /cygdrive/c/Users/DELL/Desktop/Motor_New/motor_new/uart/uart/uart.c  -o uart/executable.elf \
      -g    -I./ppc405_0/include/  -Ippc405_0/include/  -L./ppc405_0/lib/  \
  

/cygdrive/c/Users/DELL/Desktop/Motor_New/motor_new/uart/uart/uart.c:11:2: warning: no newline at end of file

powerpc-eabi-size uart/executable.elf 
   text	   data	    bss	    dec	    hex	filename
   1478	    312	   8228	  10018	   2722	uart/executable.elf





Done!

Instance ppc405_0 bus interface RESETPPC connection ppc_reset_bus only referenced once - select another bus connection or "No Connection"

Instance ppc405_0 bus interface RESETPPC connection ppc_reset_bus only referenced once - select another bus connection or "No Connection"

At Local date and time: Tue Sep 04 12:22:21 2012
 xbash -q -c "cd /cygdrive/c/Users/DELL/Desktop/Motor_New/motor_new/uart/uart/; /usr/bin/make -f uart.make netlist; exit;" started...

****************************************************
Creating system netlist for hardware specification..

****************************************************
platgen -p xc2vp30ff896-7 -lang vhdl   uart.mhs


Release Xilinx EDK 10.1 - platgen EDK_K.15
Copyright (c) 1995-2008 Xilinx, Inc.  All rights reserved.



Command Line: platgen -p xc2vp30ff896-7 -lang vhdl uart.mhs 

Parse uart.mhs ...

Read MPD definitions ...


Overriding IP level properties ...


Performing IP level DRCs on properties...

Running DRC Tcl procedures for OPTION IPLEVEL_DRC_PROC...
Address Map for Processor ppc405_0
  (0b0000010000-0b0000010011) ppc405_0	
  (0b0000100000-0b0000100011) ppc405_0	
  (0x84000000-0x8400ffff) RS232_Uart_1	plb0
  (0xffff8000-0xffffffff) xps_bram_if_cntlr_1	plb0

Check platform address map ...
INFO:MDT - IPNAME:ppc405_0 INSTANCE:ppc405 -
   C:\Xilinx\10.1\EDK\hw\XilinxProcessorIPLib\pcores\ppc405_v3_00_a\data\ppc405_
   v2_1_0.mpd line 62 - tool is overriding PARAMETER C_DPLB0_P2P value to 0
INFO:MDT - IPNAME:ppc405_0 INSTANCE:ppc405 -
   C:\Xilinx\10.1\EDK\hw\XilinxProcessorIPLib\pcores\ppc405_v3_00_a\data\ppc405_
   v2_1_0.mpd line 64 - tool is overriding PARAMETER C_IPLB0_P2P value to 0

Computing clock values...


Overriding system level properties ...
INFO:MDT - IPNAME:jtagppc_cntlr_0 INSTANCE:jtagppc_cntlr -
   C:\Xilinx\10.1\EDK\hw\XilinxProcessorIPLib\pcores\jtagppc_cntlr_v2_01_a\data\
   jtagppc_cntlr_v2_1_0.mpd line 36 - tcl is overriding PARAMETER C_NUM_PPC_USED
   value to 1
INFO:MDT - IPNAME:plb0 INSTANCE:plb_v46 -
   C:\Xilinx\10.1\EDK\hw\XilinxProcessorIPLib\pcores\plb_v46_v1_02_a\data\plb_v4
   6_v2_1_0.mpd line 35 - tool is overriding PARAMETER C_PLBV46_NUM_MASTERS
   value to 2
INFO:MDT - IPNAME:plb0 INSTANCE:plb_v46 -
   C:\Xilinx\10.1\EDK\hw\XilinxProcessorIPLib\pcores\plb_v46_v1_02_a\data\plb_v4
   6_v2_1_0.mpd line 36 - tool is overriding PARAMETER C_PLBV46_NUM_SLAVES value
   to 2
INFO:MDT - IPNAME:plb0 INSTANCE:plb_v46 -
   C:\Xilinx\10.1\EDK\hw\XilinxProcessorIPLib\pcores\plb_v46_v1_02_a\data\plb_v4
   6_v2_1_0.mpd line 37 - tool is overriding PARAMETER C_PLBV46_MID_WIDTH value
   to 1
INFO:MDT - IPNAME:xps_bram_if_cntlr_1 INSTANCE:xps_bram_if_cntlr -
   C:\Xilinx\10.1\EDK\hw\XilinxProcessorIPLib\pcores\xps_bram_if_cntlr_v1_00_a\d
   ata\xps_bram_if_cntlr_v2_1_0.mpd line 41 - tool is overriding PARAMETER
   C_SPLB_DWIDTH value to 64
INFO:MDT - IPNAME:xps_bram_if_cntlr_1 INSTANCE:xps_bram_if_cntlr -
   C:\Xilinx\10.1\EDK\hw\XilinxProcessorIPLib\pcores\xps_bram_if_cntlr_v1_00_a\d
   ata\xps_bram_if_cntlr_v2_1_0.mpd line 46 - tool is overriding PARAMETER
   C_SPLB_SMALLEST_MASTER value to 64
INFO:MDT - IPNAME:plb_bram_if_cntlr_1_bram INSTANCE:bram_block -
   C:\Xilinx\10.1\EDK\hw\XilinxProcessorIPLib\pcores\bram_block_v1_00_a\data\bra
   m_block_v2_1_0.mpd line 36 - tool is overriding PARAMETER C_MEMSIZE value to
   0x8000
INFO:MDT - IPNAME:plb_bram_if_cntlr_1_bram INSTANCE:bram_block -
   C:\Xilinx\10.1\EDK\hw\XilinxProcessorIPLib\pcores\bram_block_v1_00_a\data\bra
   m_block_v2_1_0.mpd line 37 - tool is overriding PARAMETER C_PORT_DWIDTH value
   to 64
INFO:MDT - IPNAME:plb_bram_if_cntlr_1_bram INSTANCE:bram_block -
   C:\Xilinx\10.1\EDK\hw\XilinxProcessorIPLib\pcores\bram_block_v1_00_a\data\bra
   m_block_v2_1_0.mpd line 39 - tool is overriding PARAMETER C_NUM_WE value to 8
INFO:MDT - IPNAME:RS232_Uart_1 INSTANCE:xps_uartlite -
   C:\Xilinx\10.1\EDK\hw\XilinxProcessorIPLib\pcores\xps_uartlite_v1_00_a\data\x
   ps_uartlite_v2_1_0.mpd line 42 - tool is overriding PARAMETER C_SPLB_DWIDTH
   value to 64
INFO:MDT - IPNAME:RS232_Uart_1 INSTANCE:xps_uartlite -
   C:\Xilinx\10.1\EDK\hw\XilinxProcessorIPLib\pcores\xps_uartlite_v1_00_a\data\x
   ps_uartlite_v2_1_0.mpd line 45 - tool is overriding PARAMETER
   C_SPLB_NUM_MASTERS value to 2

Running system level Update ...

Running UPDATE Tcl procedures for OPTION SYSLEVEL_UPDATE_PROC...

Performing System level DRCs on properties...

Running DRC Tcl procedures for OPTION SYSLEVEL_DRC_PROC...

Check platform configuration ...
IPNAME:plb_v46 INSTANCE:plb0 -
C:\Users\DELL\Desktop\Motor_New\motor_new\uart\uart\uart.mhs line 51 - 2
master(s) : 2 slave(s)

Check port drivers...
WARNING:MDT - PORT:Peripheral_Reset CONNECTOR:sys_periph_reset -
   C:\Users\DELL\Desktop\Motor_New\motor_new\uart\uart\uart.mhs line 115 -
   floating connection!

Performing Clock DRCs...


Running UPDATE Tcl procedures for OPTION PLATGEN_SYSLEVEL_UPDATE_PROC...

Modify defaults ...

Creating stub ...


Processing licensed instances ...
Completion time: 0.00 seconds

Creating hardware output directories ...

Managing hardware (BBD-specified) netlist files ...

Managing cache ...

Elaborating instances ...
IPNAME:bram_block INSTANCE:plb_bram_if_cntlr_1_bram -
C:\Users\DELL\Desktop\Motor_New\motor_new\uart\uart\uart.mhs line 70 -
elaborating IP


Writing HDL for elaborated instances ...

Inserting wrapper level ...

Completion time: 0.00 seconds

Constructing platform-level connectivity ...

Completion time: 0.00 seconds

Writing (top-level) BMM ...

Writing (top-level and wrappers) HDL ...

Generating synthesis project file ...


Running XST synthesis ...
INFO:MDT - The following instances are synthesized with XST. The MPD option
   IMP_NETLIST=TRUE indicates that a NGC file is to be produced using XST
   synthesis. IMP_NETLIST=FALSE (default) instances are not synthesized.
INSTANCE:ppc405_0 - C:\Users\DELL\Desktop\Motor_New\motor_new\uart\uart\uart.mhs
line 34 - Running XST synthesis

INSTANCE:jtagppc_cntlr_0 -
C:\Users\DELL\Desktop\Motor_New\motor_new\uart\uart\uart.mhs line 45 - Running
XST synthesis

INSTANCE:plb0 - C:\Users\DELL\Desktop\Motor_New\motor_new\uart\uart\uart.mhs
line 51 - Running XST synthesis

INSTANCE:xps_bram_if_cntlr_1 -
C:\Users\DELL\Desktop\Motor_New\motor_new\uart\uart\uart.mhs line 60 - Running
XST synthesis

INSTANCE:plb_bram_if_cntlr_1_bram -
C:\Users\DELL\Desktop\Motor_New\motor_new\uart\uart\uart.mhs line 70 - Running
XST synthesis

INSTANCE:rs232_uart_1 -
C:\Users\DELL\Desktop\Motor_New\motor_new\uart\uart\uart.mhs line 76 - Running
XST synthesis

INSTANCE:clock_generator_0 -
C:\Users\DELL\Desktop\Motor_New\motor_new\uart\uart\uart.mhs line 91 - Running
XST synthesis

INSTANCE:proc_sys_reset_0 -
C:\Users\DELL\Desktop\Motor_New\motor_new\uart\uart\uart.mhs line 106 - Running
XST synthesis


Running NGCBUILD ...
IPNAME:ppc405_0_wrapper INSTANCE:ppc405_0 -
C:\Users\DELL\Desktop\Motor_New\motor_new\uart\uart\uart.mhs line 34 - Running
NGCBUILD

PMSPEC -- Overriding Xilinx file <C:/Xilinx/10.1/EDK/virtex2p/data/virtex2p.acd>
with local file <c:/Xilinx/10.1/ISE/virtex2p/data/virtex2p.acd>

Command Line: c:\Xilinx\10.1\ISE\bin\nt\unwrapped\ngcbuild.exe -p xc2vp30ff896-7
-intstyle silent -uc ppc405_0_wrapper.ucf -sd .. ppc405_0_wrapper.ngc
../ppc405_0_wrapper.ngc

Reading NGO file
"C:/Users/DELL/Desktop/Motor_New/motor_new/uart/uart/implementation/ppc405_0_wra
pper/ppc405_0_wrapper.ngc" ...


Applying constraints in "ppc405_0_wrapper.ucf" to the design...


Partition Implementation Status
-------------------------------

  No Partitions were found in this design.

-------------------------------

NGCBUILD Design Results Summary:
  Number of errors:     0
  Number of warnings:   0

Writing NGC file "../ppc405_0_wrapper.ngc" ...

Writing NGCBUILD log file "../ppc405_0_wrapper.blc"...

NGCBUILD done.
IPNAME:rs232_uart_1_wrapper INSTANCE:rs232_uart_1 -
C:\Users\DELL\Desktop\Motor_New\motor_new\uart\uart\uart.mhs line 76 - Running
NGCBUILD

PMSPEC -- Overriding Xilinx file <C:/Xilinx/10.1/EDK/virtex2p/data/virtex2p.acd>
with local file <c:/Xilinx/10.1/ISE/virtex2p/data/virtex2p.acd>


Command Line: c:\Xilinx\10.1\ISE\bin\nt\unwrapped\ngcbuild.exe -p xc2vp30ff896-7
-intstyle silent -sd .. rs232_uart_1_wrapper.ngc ../rs232_uart_1_wrapper.ngc

Reading NGO file
"C:/Users/DELL/Desktop/Motor_New/motor_new/uart/uart/implementation/rs232_uart_1
_wrapper/rs232_uart_1_wrapper.ngc" ...


Partition Implementation Status
-------------------------------

  No Partitions were found in this design.

-------------------------------

NGCBUILD Design Results Summary:
  Number of errors:     0
  Number of warnings:   0

Writing NGC file "../rs232_uart_1_wrapper.ngc" ...


Writing NGCBUILD log file "../rs232_uart_1_wrapper.blc"...

NGCBUILD done.

Rebuilding cache ...

Total run time: 80.00 seconds

Running synthesis...
bash -c "cd synthesis; ./synthesis.sh"

xst -ifn uart_xst.scr -intstyle silent
Running XST synthesis ...

XST completed



Done!

=====================
Opened log file
=====================
Xilinx Platform Studio (XPS)
Xilinx EDK 10.1 Build EDK_K.15

Xilinx EDK 10.1 Build EDK_K.15

No changes to be saved in MSS file
No changes to be saved in XMP file
No changes to be saved in MSS file
No changes to be saved in XMP file
=====================
Opened log file
=====================
Xilinx Platform Studio (XPS)
Xilinx EDK 10.1 Build EDK_K.15

Xilinx EDK 10.1 Build EDK_K.15

No changes to be saved in MSS file
No changes to be saved in XMP file
=====================
Opened log file
=====================
Xilinx Platform Studio (XPS)
Xilinx EDK 10.1 Build EDK_K.15

Xilinx EDK 10.1 Build EDK_K.15

No changes to be saved in MSS file
Saved project XMP file
No changes to be saved in MSS file
No changes to be saved in XMP file
